bundle exec ruby script_test/start_warehousebuilder.rb
ruby: No such file or directory -- script_test/start_warehousebuilder.rb (LoadError)
rake aborted!
Command failed with status (1): [bundle exec ruby script_test/start_warehou...]
/Users/llh1/Developer/lims-warehousebuilder/Rakefile:9:in `block (2 levels) in <top (required)>'
/Users/llh1/.rvm/gems/ruby-1.9.3-p385@lims-api/bin/ruby_noexec_wrapper:14:in `eval'
/Users/llh1/.rvm/gems/ruby-1.9.3-p385@lims-api/bin/ruby_noexec_wrapper:14:in `<main>'
Tasks: TOP => dev:run
(See full trace by running task with --trace)
bundle exec ruby script_test/start_warehousebuilder.rb
ruby: No such file or directory -- script_test/start_warehousebuilder.rb (LoadError)
rake aborted!
Command failed with status (1): [bundle exec ruby script_test/start_warehou...]
/Users/llh1/Developer/lims-warehousebuilder/Rakefile:9:in `block (2 levels) in <top (required)>'
/Users/llh1/.rvm/gems/ruby-1.9.3-p385@lims-api/bin/ruby_noexec_wrapper:14:in `eval'
/Users/llh1/.rvm/gems/ruby-1.9.3-p385@lims-api/bin/ruby_noexec_wrapper:14:in `<main>'
Tasks: TOP => dev:run
(See full trace by running task with --trace)
bundle exec ruby script_test/start_warehousebuilder.rb
ruby: No such file or directory -- script_test/start_warehousebuilder.rb (LoadError)
rake aborted!
Command failed with status (1): [bundle exec ruby script_test/start_warehou...]
/Users/llh1/Developer/lims-warehousebuilder/Rakefile:9:in `block (2 levels) in <top (required)>'
/Users/llh1/.rvm/gems/ruby-1.9.3-p385@lims-api/bin/ruby_noexec_wrapper:14:in `eval'
/Users/llh1/.rvm/gems/ruby-1.9.3-p385@lims-api/bin/ruby_noexec_wrapper:14:in `<main>'
Tasks: TOP => dev:run
(See full trace by running task with --trace)
bundle exec ruby script_test/start_warehousebuilder.rb
ruby: No such file or directory -- script_test/start_warehousebuilder.rb (LoadError)
rake aborted!
Command failed with status (1): [bundle exec ruby script_test/start_warehou...]
/Users/llh1/Developer/lims-warehousebuilder/Rakefile:9:in `block (2 levels) in <top (required)>'
/Users/llh1/.rvm/gems/ruby-1.9.3-p385@lims-api/bin/ruby_noexec_wrapper:14:in `eval'
/Users/llh1/.rvm/gems/ruby-1.9.3-p385@lims-api/bin/ruby_noexec_wrapper:14:in `<main>'
Tasks: TOP => dev:run
(See full trace by running task with --trace)
bundle exec ruby script_test/start_warehousebuilder.rb
ruby: No such file or directory -- script_test/start_warehousebuilder.rb (LoadError)
rake aborted!
Command failed with status (1): [bundle exec ruby script_test/start_warehou...]
/Users/llh1/Developer/lims-warehousebuilder/Rakefile:9:in `block (2 levels) in <top (required)>'
/Users/llh1/.rvm/gems/ruby-1.9.3-p385@lims-api/bin/ruby_noexec_wrapper:14:in `eval'
/Users/llh1/.rvm/gems/ruby-1.9.3-p385@lims-api/bin/ruby_noexec_wrapper:14:in `<main>'
Tasks: TOP => dev:run
(See full trace by running task with --trace)
bundle exec ruby script_test/start_warehousebuilder.rb
ruby: No such file or directory -- script_test/start_warehousebuilder.rb (LoadError)
rake aborted!
Command failed with status (1): [bundle exec ruby script_test/start_warehou...]
/Users/llh1/Developer/lims-warehousebuilder/Rakefile:9:in `block (2 levels) in <top (required)>'
/Users/llh1/.rvm/gems/ruby-1.9.3-p385@lims-api/bin/ruby_noexec_wrapper:14:in `eval'
/Users/llh1/.rvm/gems/ruby-1.9.3-p385@lims-api/bin/ruby_noexec_wrapper:14:in `<main>'
Tasks: TOP => dev:run
(See full trace by running task with --trace)
bundle exec ruby script_test/start_warehousebuilder.rb
ruby: No such file or directory -- script_test/start_warehousebuilder.rb (LoadError)
rake aborted!
Command failed with status (1): [bundle exec ruby script_test/start_warehou...]
/Users/llh1/Developer/lims-warehousebuilder/Rakefile:9:in `block (2 levels) in <top (required)>'
/Users/llh1/.rvm/gems/ruby-1.9.3-p385@lims-api/bin/ruby_noexec_wrapper:14:in `eval'
/Users/llh1/.rvm/gems/ruby-1.9.3-p385@lims-api/bin/ruby_noexec_wrapper:14:in `<main>'
Tasks: TOP => dev:run
(See full trace by running task with --trace)
bundle exec ruby script_test/start_warehousebuilder.rb
ruby: No such file or directory -- script_test/start_warehousebuilder.rb (LoadError)
rake aborted!
Command failed with status (1): [bundle exec ruby script_test/start_warehou...]
/Users/llh1/Developer/lims-warehousebuilder/Rakefile:9:in `block (2 levels) in <top (required)>'
/Users/llh1/.rvm/gems/ruby-1.9.3-p385@lims-api/bin/ruby_noexec_wrapper:14:in `eval'
/Users/llh1/.rvm/gems/ruby-1.9.3-p385@lims-api/bin/ruby_noexec_wrapper:14:in `<main>'
Tasks: TOP => dev:run
(See full trace by running task with --trace)
bundle exec ruby script_test/start_warehousebuilder.rb
ruby: No such file or directory -- script_test/start_warehousebuilder.rb (LoadError)
rake aborted!
Command failed with status (1): [bundle exec ruby script_test/start_warehou...]
/Users/llh1/Developer/lims-warehousebuilder/Rakefile:9:in `block (2 levels) in <top (required)>'
/Users/llh1/.rvm/gems/ruby-1.9.3-p385@lims-api/bin/ruby_noexec_wrapper:14:in `eval'
/Users/llh1/.rvm/gems/ruby-1.9.3-p385@lims-api/bin/ruby_noexec_wrapper:14:in `<main>'
Tasks: TOP => dev:run
(See full trace by running task with --trace)
bundle exec ruby script_test/start_warehousebuilder.rb
ruby: No such file or directory -- script_test/start_warehousebuilder.rb (LoadError)
rake aborted!
Command failed with status (1): [bundle exec ruby script_test/start_warehou...]
/Users/llh1/Developer/lims-warehousebuilder/Rakefile:9:in `block (2 levels) in <top (required)>'
/Users/llh1/.rvm/gems/ruby-1.9.3-p385@lims-api/bin/ruby_noexec_wrapper:14:in `eval'
/Users/llh1/.rvm/gems/ruby-1.9.3-p385@lims-api/bin/ruby_noexec_wrapper:14:in `<main>'
Tasks: TOP => dev:run
(See full trace by running task with --trace)
bundle exec ruby script_test/start_warehousebuilder.rb
ruby: No such file or directory -- script_test/start_warehousebuilder.rb (LoadError)
rake aborted!
Command failed with status (1): [bundle exec ruby script_test/start_warehou...]
/Users/llh1/Developer/lims-warehousebuilder/Rakefile:9:in `block (2 levels) in <top (required)>'
/Users/llh1/.rvm/gems/ruby-1.9.3-p385@lims-api/bin/ruby_noexec_wrapper:14:in `eval'
/Users/llh1/.rvm/gems/ruby-1.9.3-p385@lims-api/bin/ruby_noexec_wrapper:14:in `<main>'
Tasks: TOP => dev:run
(See full trace by running task with --trace)
bundle exec ruby script_test/start_warehousebuilder.rb
ruby: No such file or directory -- script_test/start_warehousebuilder.rb (LoadError)
rake aborted!
Command failed with status (1): [bundle exec ruby script_test/start_warehou...]
/Users/llh1/Developer/lims-warehousebuilder/Rakefile:9:in `block (2 levels) in <top (required)>'
/Users/llh1/.rvm/gems/ruby-1.9.3-p385@lims-api/bin/ruby_noexec_wrapper:14:in `eval'
/Users/llh1/.rvm/gems/ruby-1.9.3-p385@lims-api/bin/ruby_noexec_wrapper:14:in `<main>'
Tasks: TOP => dev:run
(See full trace by running task with --trace)
bundle exec ruby script_test/start_warehousebuilder.rb
ruby: No such file or directory -- script_test/start_warehousebuilder.rb (LoadError)
rake aborted!
Command failed with status (1): [bundle exec ruby script_test/start_warehou...]
/Users/llh1/Developer/lims-warehousebuilder/Rakefile:9:in `block (2 levels) in <top (required)>'
/Users/llh1/.rvm/gems/ruby-1.9.3-p385@lims-api/bin/ruby_noexec_wrapper:14:in `eval'
/Users/llh1/.rvm/gems/ruby-1.9.3-p385@lims-api/bin/ruby_noexec_wrapper:14:in `<main>'
Tasks: TOP => dev:run
(See full trace by running task with --trace)
bundle exec ruby script_test/start_warehousebuilder.rb
ruby: No such file or directory -- script_test/start_warehousebuilder.rb (LoadError)
rake aborted!
Command failed with status (1): [bundle exec ruby script_test/start_warehou...]
/Users/llh1/Developer/lims-warehousebuilder/Rakefile:9:in `block (2 levels) in <top (required)>'
/Users/llh1/.rvm/gems/ruby-1.9.3-p385@lims-api/bin/ruby_noexec_wrapper:14:in `eval'
/Users/llh1/.rvm/gems/ruby-1.9.3-p385@lims-api/bin/ruby_noexec_wrapper:14:in `<main>'
Tasks: TOP => dev:run
(See full trace by running task with --trace)
bundle exec ruby test_script/start_warehousebuilder.rb
bundle exec ruby test_script/start_warehousebuilder.rb
bundle exec ruby test_script/start_warehousebuilder.rb
bundle exec ruby script/start_warehousebuilder.rb
